13:56:12 | INFO     | =================================================================
13:56:12 | INFO     |   AI Supply Chain Control Tower -- Full Pipeline
13:56:12 | INFO     |   Started: 2026-03-16 13:56:12
13:56:12 | INFO     |   Force re-run: True
13:56:12 | INFO     | =================================================================
13:56:12 | INFO     | 
13:56:12 | INFO     | +-- Step 5 / 9: Feature store
13:56:13 | INFO     |   Scanning store IDs from silver sales ...
13:56:13 | INFO     |   Found 10 stores: ['CA_1', 'CA_2', 'CA_3', 'CA_4', 'TX_1', 'TX_2', 'TX_3', 'WI_1', 'WI_2', 'WI_3']
13:56:13 | INFO     |   Processing store 1/10: CA_1 ...
13:56:14 | INFO     |     Loaded 5,832,737 rows for CA_1
13:56:34 | INFO     |     Done: 5,832,737 rows x 76 cols in 20.9 s
13:56:34 | INFO     |   Processing store 2/10: CA_2 ...
13:56:34 | INFO     |     Loaded 5,832,737 rows for CA_2
13:56:56 | INFO     |     Done: 5,832,737 rows x 76 cols in 22.1 s
13:56:56 | INFO     |   Processing store 3/10: CA_3 ...
13:56:57 | INFO     |     Loaded 5,832,737 rows for CA_3
13:57:24 | INFO     |     Done: 5,832,737 rows x 76 cols in 27.6 s
13:57:24 | INFO     |   Processing store 4/10: CA_4 ...
13:57:24 | INFO     |     Loaded 5,832,737 rows for CA_4
13:57:49 | INFO     |     Done: 5,832,737 rows x 76 cols in 25.1 s
13:57:49 | INFO     |   Processing store 5/10: TX_1 ...
13:57:49 | INFO     |     Loaded 5,832,737 rows for TX_1
13:58:19 | INFO     |     Done: 5,832,737 rows x 76 cols in 29.8 s
13:58:19 | INFO     |   Processing store 6/10: TX_2 ...
13:58:19 | INFO     |     Loaded 5,832,737 rows for TX_2
13:58:54 | INFO     |     Done: 5,832,737 rows x 76 cols in 35.0 s
13:58:54 | INFO     |   Processing store 7/10: TX_3 ...
13:58:54 | INFO     |     Loaded 5,832,737 rows for TX_3
13:59:25 | INFO     |     Done: 5,832,737 rows x 76 cols in 31.0 s
13:59:25 | INFO     |   Processing store 8/10: WI_1 ...
13:59:25 | INFO     |     Loaded 5,832,737 rows for WI_1
13:59:58 | INFO     |     Done: 5,832,737 rows x 76 cols in 33.1 s
13:59:58 | INFO     |   Processing store 9/10: WI_2 ...
13:59:58 | INFO     |     Loaded 5,832,737 rows for WI_2
14:00:27 | INFO     |     Done: 5,832,737 rows x 76 cols in 29.3 s
14:00:27 | INFO     |   Processing store 10/10: WI_3 ...
14:00:28 | INFO     |     Loaded 5,832,737 rows for WI_3
14:00:58 | INFO     |     Done: 5,832,737 rows x 76 cols in 30.9 s
14:00:58 | INFO     |   Concatenating 10 store chunks ...
14:02:32 | INFO     |   Final feature store: 58,327,370 rows x 76 cols
14:02:36 | INFO     | +-- Done in 383.9 s
14:02:36 | INFO     | 
14:02:36 | INFO     | +-- Step 6 / 9: Train + evaluate
14:03:34 | INFO     |   Loading silver sales …
14:03:35 | INFO     |   Sales: 58,327,370 rows
14:03:35 | INFO     |   Loading feature store …
14:08:31 | INFO     |   Features: 58,327,370 rows x 76 cols
14:08:31 | INFO     |   Starting backtesting — 5 folds, horizon=28d each …
14:08:31 | INFO     | >> Backtesting (5 folds × LightGBM) ...
